<?xml version="1.0" encoding="UTF-8"?>
<!-- Generated by org.testng.reporters.JUnitReportReporter -->
<testsuite skipped="0" hostname="DESKTOP-U4KCNES" name="testCases.TestScript_01" tests="2" failures="0" timestamp="08 Jul 2020 08:19:18 GMT" time="5.051" errors="0">
  <testcase name="Logout" time="0.002" classname="testCases.TestScript_01"/>
  <testcase name="Login" time="5.049" classname="testCases.TestScript_01"/>
</testsuite> <!-- testCases.TestScript_01 -->
