<?xml version="1.0" encoding="UTF-8"?>
<!-- Generated by org.testng.reporters.JUnitReportReporter -->
<testsuite skipped="0" hostname="DESKTOP-U4KCNES" name="testCases.TC_LoginTest_001" tests="1" failures="0" timestamp="13 Jul 2020 08:27:26 GMT" time="2.446" errors="0">
  <testcase name="LoginTest" time="2.446" classname="testCases.TC_LoginTest_001"/>
</testsuite> <!-- testCases.TC_LoginTest_001 -->
