<?xml version="1.0" encoding="UTF-8"?>
<!-- Generated by org.testng.reporters.JUnitReportReporter -->
<testsuite skipped="0" hostname="DESKTOP-U4KCNES" name="testCases.Demo1Test" tests="1" failures="0" timestamp="2020-07-06T12:28:49 IST" time="0.003" errors="0">
  <testcase name="test" time="0.003" classname="testCases.Demo1Test"/>
  <system-out/>
</testsuite> <!-- testCases.Demo1Test -->
